<?xml version="1.0" encoding="UTF-8"?>
<testng-results ignored="0" total="4" passed="4" failed="0" skipped="0">
  <reporter-output>
    <line>
      <![CDATA[<a href='C:\Users\Diwakar\IdeaProjects\CapstoneQ1\target\surefire-reports\failure_screenshots\LoginPositive_01_07_2025_01_02_07.png'> <img src='C:\Users\Diwakar\IdeaProjects\CapstoneQ1\target\surefire-reports\failure_screenshots\LoginPositive_01_07_2025_01_02_07.png' height='100' width='100' /> </a>]]>
    </line>
    <line>
      <![CDATA[<a href='C:\Users\Diwakar\IdeaProjects\CapstoneQ1\target\surefire-reports\failure_screenshots\LoginNegative_01_07_2025_01_02_08.png'> <img src='C:\Users\Diwakar\IdeaProjects\CapstoneQ1\target\surefire-reports\failure_screenshots\LoginNegative_01_07_2025_01_02_08.png' height='100' width='100' /> </a>]]>
    </line>
  </reporter-output>
  <suite started-at="2025-07-01T13:02:06 IST" name="All Test Suite" finished-at="2025-07-01T13:02:08 IST" duration-ms="2036">
    <groups>
    </groups>
    <test started-at="2025-07-01T13:02:06 IST" name="PositiveTest" finished-at="2025-07-01T13:02:08 IST" duration-ms="1429">
      <class name="VerifyLogin1_PositiveTest">
        <test-method signature="verifyLogin(java.lang.String,java.lang.String)[pri:0, instance:VerifyLogin1_PositiveTest@1bd4fdd]" started-at="2025-07-01T13:02:07 IST" name="verifyLogin" finished-at="2025-07-01T13:02:08 IST" duration-ms="1327" status="PASS">
          <params>
            <param index="0">
              <value>
                <![CDATA[standard_user]]>
              </value>
            </param>
            <param index="1">
              <value>
                <![CDATA[secret_sauce]]>
              </value>
            </param>
          </params>
          <reporter-output>
            <line>
              <![CDATA[<a href='C:\Users\Diwakar\IdeaProjects\CapstoneQ1\target\surefire-reports\failure_screenshots\LoginPositive_01_07_2025_01_02_07.png'> <img src='C:\Users\Diwakar\IdeaProjects\CapstoneQ1\target\surefire-reports\failure_screenshots\LoginPositive_01_07_2025_01_02_07.png' height='100' width='100' /> </a>]]>
            </line>
          </reporter-output>
        </test-method> <!-- verifyLogin -->
        <test-method signature="verifyPageTitle()[pri:0, instance:VerifyLogin1_PositiveTest@1bd4fdd]" started-at="2025-07-01T13:02:08 IST" name="verifyPageTitle" finished-at="2025-07-01T13:02:08 IST" duration-ms="18" status="PASS">
          <reporter-output>
          </reporter-output>
        </test-method> <!-- verifyPageTitle -->
      </class> <!-- VerifyLogin1_PositiveTest -->
    </test> <!-- PositiveTest -->
    <test started-at="2025-07-01T13:02:08 IST" name="NegativeTest" finished-at="2025-07-01T13:02:08 IST" duration-ms="557">
      <class name="VerifyLogin2_NegativeTest">
        <test-method is-config="true" signature="openApplication()[pri:0, instance:VerifyLogin2_NegativeTest@2f4948e4]" started-at="2025-07-01T13:02:03 IST" name="openApplication" finished-at="2025-07-01T13:02:06 IST" duration-ms="3690" status="PASS">
          <reporter-output>
          </reporter-output>
        </test-method> <!-- openApplication -->
        <test-method signature="verifyLogin(java.lang.String,java.lang.String)[pri:0, instance:VerifyLogin2_NegativeTest@2f4948e4]" started-at="2025-07-01T13:02:08 IST" name="verifyLogin" finished-at="2025-07-01T13:02:08 IST" duration-ms="531" status="PASS">
          <params>
            <param index="0">
              <value>
                <![CDATA[secret_sauce1]]>
              </value>
            </param>
            <param index="1">
              <value>
                <![CDATA[secret_sauce1]]>
              </value>
            </param>
          </params>
          <reporter-output>
            <line>
              <![CDATA[<a href='C:\Users\Diwakar\IdeaProjects\CapstoneQ1\target\surefire-reports\failure_screenshots\LoginNegative_01_07_2025_01_02_08.png'> <img src='C:\Users\Diwakar\IdeaProjects\CapstoneQ1\target\surefire-reports\failure_screenshots\LoginNegative_01_07_2025_01_02_08.png' height='100' width='100' /> </a>]]>
            </line>
          </reporter-output>
        </test-method> <!-- verifyLogin -->
        <test-method signature="verifyPageTitle()[pri:1, instance:VerifyLogin2_NegativeTest@2f4948e4]" started-at="2025-07-01T13:02:08 IST" name="verifyPageTitle" finished-at="2025-07-01T13:02:08 IST" duration-ms="21" status="PASS">
          <reporter-output>
          </reporter-output>
        </test-method> <!-- verifyPageTitle -->
        <test-method is-config="true" signature="closeApplication()[pri:0, instance:VerifyLogin2_NegativeTest@2f4948e4]" started-at="2025-07-01T13:02:08 IST" name="closeApplication" finished-at="2025-07-01T13:02:10 IST" duration-ms="1063" status="PASS">
          <reporter-output>
          </reporter-output>
        </test-method> <!-- closeApplication -->
      </class> <!-- VerifyLogin2_NegativeTest -->
    </test> <!-- NegativeTest -->
  </suite> <!-- All Test Suite -->
</testng-results>
